<?xml version="1.0" encoding="UTF-8"?>
<!-- Generated by org.testng.reporters.JUnitReportReporter -->
<testsuite hostname="Ashok" failures="0" tests="3" name="Parallel.Parallel_Browser_Demo" time="52.393" errors="0" timestamp="2021-02-06T16:11:30 IST" skipped="0">
  <testcase classname="Parallel.Parallel_Browser_Demo" name="Test" time="28.035"/>
  <system-out/>
  <testcase classname="Parallel.Parallel_Browser_Demo" name="Test" time="12.300"/>
  <system-out/>
  <testcase classname="Parallel.Parallel_Browser_Demo" name="Test" time="12.058"/>
  <system-out/>
</testsuite> <!-- Parallel.Parallel_Browser_Demo -->
