<?xml version="1.0" encoding="UTF-8"?>
<!-- Generated by org.testng.reporters.JUnitReportReporter -->
<testsuite hostname="Ashok" failures="0" tests="4" name="Include_Exclude.Include_Exclude_Methods_Demo" time="0.008" errors="0" timestamp="2021-02-06T14:58:09 IST" skipped="0">
  <testcase classname="Include_Exclude.Include_Exclude_Methods_Demo" name="Test_1" time="0.005"/>
  <system-out/>
  <testcase classname="Include_Exclude.Include_Exclude_Methods_Demo" name="Test_4" time="0.001"/>
  <system-out/>
  <testcase classname="Include_Exclude.Include_Exclude_Methods_Demo" name="Test_2" time="0.001"/>
  <system-out/>
  <testcase classname="Include_Exclude.Include_Exclude_Methods_Demo" name="Test_6" time="0.001"/>
  <system-out/>
</testsuite> <!-- Include_Exclude.Include_Exclude_Methods_Demo -->
