<?xml version="1.0" encoding="UTF-8"?>
<!-- Generated by org.testng.reporters.JUnitReportReporter -->
<testsuite hostname="Ashok" failures="0" tests="4" name="Groups.Groups_Demo_Class_2" time="0.006" errors="0" timestamp="2021-02-06T14:45:19 IST" skipped="0">
  <testcase classname="Groups.Groups_Demo_Class_2" name="Test_3" time="0.001"/>
  <system-out/>
  <testcase classname="Groups.Groups_Demo_Class_2" name="Test_2" time="0.002"/>
  <system-out/>
  <testcase classname="Groups.Groups_Demo_Class_2" name="Test_4" time="0.001"/>
  <system-out/>
  <testcase classname="Groups.Groups_Demo_Class_2" name="Test_1" time="0.002"/>
  <system-out/>
</testsuite> <!-- Groups.Groups_Demo_Class_2 -->
