<?xml version="1.0" encoding="UTF-8"?>
<!-- Generated by org.testng.reporters.JUnitReportReporter -->
<testsuite hostname="Ashok" failures="0" tests="4" name="Priority.Priority_Demo" time="0.009" errors="0" timestamp="2021-02-06T16:16:02 IST" skipped="0">
  <testcase classname="Priority.Priority_Demo" name="Test_4" time="0.001"/>
  <system-out/>
  <testcase classname="Priority.Priority_Demo" name="Test_3" time="0.006"/>
  <system-out/>
  <testcase classname="Priority.Priority_Demo" name="Test_1" time="0.001"/>
  <system-out/>
  <testcase classname="Priority.Priority_Demo" name="Test_2" time="0.001"/>
  <system-out/>
</testsuite> <!-- Priority.Priority_Demo -->
