<?xml version="1.0" encoding="UTF-8"?>
<!-- Generated by org.testng.reporters.JUnitReportReporter -->
<testsuite hostname="Ashok" failures="0" tests="2" name="DataProviders.DataProviders_Demo" time="0.008" errors="0" timestamp="2021-02-06T14:04:18 IST" skipped="0">
  <testcase classname="DataProviders.DataProviders_Demo" name="Print_Data" time="0.001"/>
  <system-out/>
  <testcase classname="DataProviders.DataProviders_Demo" name="Print_Data" time="0.007"/>
  <system-out/>
</testsuite> <!-- DataProviders.DataProviders_Demo -->
