<?xml version="1.0" encoding="UTF-8"?>
<!-- Generated by org.testng.reporters.JUnitReportReporter -->
<testsuite hostname="Ashok" failures="0" tests="2" name="Groups.Groups_Demo_Class_1" time="0.009" errors="0" timestamp="2021-02-06T14:45:19 IST" skipped="0">
  <testcase classname="Groups.Groups_Demo_Class_1" name="Test_2" time="0.004"/>
  <system-out/>
  <testcase classname="Groups.Groups_Demo_Class_1" name="Test_1" time="0.005"/>
  <system-out/>
</testsuite> <!-- Groups.Groups_Demo_Class_1 -->
