<?xml version="1.0" encoding="UTF-8"?>
<!-- Generated by org.testng.reporters.JUnitReportReporter -->
<testsuite hostname="Ashok" failures="0" tests="2" name="Include_Exclude.Include_Exclude_Groups_Demo" time="0.006" errors="0" timestamp="2021-02-06T14:53:56 IST" skipped="0">
  <testcase classname="Include_Exclude.Include_Exclude_Groups_Demo" name="Test_4" time="0.001"/>
  <system-out/>
  <testcase classname="Include_Exclude.Include_Exclude_Groups_Demo" name="Test_3" time="0.005"/>
  <system-out/>
</testsuite> <!-- Include_Exclude.Include_Exclude_Groups_Demo -->
