<?xml version="1.0" encoding="UTF-8"?>
<!-- Generated by org.testng.reporters.JUnitReportReporter -->
<testsuite hostname="Ashok" failures="0" tests="4" name="Multiple.Multiple_Demo" time="0.011" errors="0" timestamp="2021-02-06T15:18:07 IST" skipped="0">
  <testcase classname="Multiple.Multiple_Demo" name="Test_A" time="0.001"/>
  <system-out/>
  <testcase classname="Multiple.Multiple_Demo" name="Test_2" time="0.002"/>
  <system-out/>
  <testcase classname="Multiple.Multiple_Demo" name="Test_B" time="0.001"/>
  <system-out/>
  <testcase classname="Multiple.Multiple_Demo" name="Test_1" time="0.007"/>
  <system-out/>
</testsuite> <!-- Multiple.Multiple_Demo -->
