<?xml version="1.0" encoding="UTF-8"?>
<!-- Generated by org.testng.reporters.JUnitReportReporter -->
<testsuite hostname="Ashok" failures="0" tests="1" name="Parameters.Parameters_Demo" time="9.052" errors="0" timestamp="2021-02-06T16:27:49 IST" skipped="0">
  <testcase classname="Parameters.Parameters_Demo" name="Test" time="9.052"/>
  <system-out/>
</testsuite> <!-- Parameters.Parameters_Demo -->
